2019/10/10 12:56:07 [error] [application.debug] Iterating over contact attributes accountName=>Account
in /opt/bitnami/apache2/htdocs/protected/components/util/AuxLib.php (188)
in /opt/bitnami/apache2/htdocs/protected/modules/docs/views/docs/_form.php (91)
in /opt/bitnami/apache2/htdocs/protected/modules/docs/views/docs/create.php (52)
2019/10/10 12:56:07 [error] [application.debug] Iterating over contact attributes address=>Address
in /opt/bitnami/apache2/htdocs/protected/components/util/AuxLib.php (188)
in /opt/bitnami/apache2/htdocs/protected/modules/docs/views/docs/_form.php (91)
in /opt/bitnami/apache2/htdocs/protected/modules/docs/views/docs/create.php (52)
2019/10/10 12:56:07 [error] [application.debug] Iterating over contact attributes address2=>Address 2
in /opt/bitnami/apache2/htdocs/protected/components/util/AuxLib.php (188)
in /opt/bitnami/apache2/htdocs/protected/modules/docs/views/docs/_form.php (91)
in /opt/bitnami/apache2/htdocs/protected/modules/docs/views/docs/create.php (52)
2019/10/10 12:56:07 [error] [application.debug] Iterating over contact attributes alternativeEmail=>Alternative Email
in /opt/bitnami/apache2/htdocs/protected/components/util/AuxLib.php (188)
in /opt/bitnami/apache2/htdocs/protected/modules/docs/views/docs/_form.php (91)
in /opt/bitnami/apache2/htdocs/protected/modules/docs/views/docs/create.php (52)
2019/10/10 12:56:07 [error] [application.debug] Iterating over contact attributes assignedTo=>Assigned To
in /opt/bitnami/apache2/htdocs/protected/components/util/AuxLib.php (188)
in /opt/bitnami/apache2/htdocs/protected/modules/docs/views/docs/_form.php (91)
in /opt/bitnami/apache2/htdocs/protected/modules/docs/views/docs/create.php (52)
2019/10/10 12:56:07 [error] [application.debug] Iterating over contact attributes backgroundInfo=>Background Info
in /opt/bitnami/apache2/htdocs/protected/components/util/AuxLib.php (188)
in /opt/bitnami/apache2/htdocs/protected/modules/docs/views/docs/_form.php (91)
in /opt/bitnami/apache2/htdocs/protected/modules/docs/views/docs/create.php (52)
2019/10/10 12:56:07 [error] [application.debug] Iterating over contact attributes businessEmail=>Business Email
in /opt/bitnami/apache2/htdocs/protected/components/util/AuxLib.php (188)
in /opt/bitnami/apache2/htdocs/protected/modules/docs/views/docs/_form.php (91)
in /opt/bitnami/apache2/htdocs/protected/modules/docs/views/docs/create.php (52)
2019/10/10 12:56:07 [error] [application.debug] Iterating over contact attributes city=>City
in /opt/bitnami/apache2/htdocs/protected/components/util/AuxLib.php (188)
in /opt/bitnami/apache2/htdocs/protected/modules/docs/views/docs/_form.php (91)
in /opt/bitnami/apache2/htdocs/protected/modules/docs/views/docs/create.php (52)
2019/10/10 12:56:07 [error] [application.debug] Iterating over contact attributes closedate=>Close Date
in /opt/bitnami/apache2/htdocs/protected/components/util/AuxLib.php (188)
in /opt/bitnami/apache2/htdocs/protected/modules/docs/views/docs/_form.php (91)
in /opt/bitnami/apache2/htdocs/protected/modules/docs/views/docs/create.php (52)
2019/10/10 12:56:07 [error] [application.debug] Iterating over contact attributes company=>Company
in /opt/bitnami/apache2/htdocs/protected/components/util/AuxLib.php (188)
in /opt/bitnami/apache2/htdocs/protected/modules/docs/views/docs/_form.php (91)
in /opt/bitnami/apache2/htdocs/protected/modules/docs/views/docs/create.php (52)
2019/10/10 12:56:07 [error] [application.debug] Iterating over contact attributes country=>Country
in /opt/bitnami/apache2/htdocs/protected/components/util/AuxLib.php (188)
in /opt/bitnami/apache2/htdocs/protected/modules/docs/views/docs/_form.php (91)
in /opt/bitnami/apache2/htdocs/protected/modules/docs/views/docs/create.php (52)
2019/10/10 12:56:07 [error] [application.debug] Iterating over contact attributes createDate=>Create Date
in /opt/bitnami/apache2/htdocs/protected/components/util/AuxLib.php (188)
in /opt/bitnami/apache2/htdocs/protected/modules/docs/views/docs/_form.php (91)
in /opt/bitnami/apache2/htdocs/protected/modules/docs/views/docs/create.php (52)
2019/10/10 12:56:07 [error] [application.debug] Iterating over contact attributes dealstatus=>Deal Status
in /opt/bitnami/apache2/htdocs/protected/components/util/AuxLib.php (188)
in /opt/bitnami/apache2/htdocs/protected/modules/docs/views/docs/_form.php (91)
in /opt/bitnami/apache2/htdocs/protected/modules/docs/views/docs/create.php (52)
2019/10/10 12:56:07 [error] [application.debug] Iterating over contact attributes dealvalue=>Deal Value
in /opt/bitnami/apache2/htdocs/protected/components/util/AuxLib.php (188)
in /opt/bitnami/apache2/htdocs/protected/modules/docs/views/docs/_form.php (91)
in /opt/bitnami/apache2/htdocs/protected/modules/docs/views/docs/create.php (52)
2019/10/10 12:56:07 [error] [application.debug] Iterating over contact attributes doNotCall=>Do Not Call
in /opt/bitnami/apache2/htdocs/protected/components/util/AuxLib.php (188)
in /opt/bitnami/apache2/htdocs/protected/modules/docs/views/docs/_form.php (91)
in /opt/bitnami/apache2/htdocs/protected/modules/docs/views/docs/create.php (52)
2019/10/10 12:56:07 [error] [application.debug] Iterating over contact attributes doNotEmail=>Do Not Email
in /opt/bitnami/apache2/htdocs/protected/components/util/AuxLib.php (188)
in /opt/bitnami/apache2/htdocs/protected/modules/docs/views/docs/_form.php (91)
in /opt/bitnami/apache2/htdocs/protected/modules/docs/views/docs/create.php (52)
2019/10/10 12:56:07 [error] [application.debug] Iterating over contact attributes dupeCheck=>Duplicate Check
in /opt/bitnami/apache2/htdocs/protected/components/util/AuxLib.php (188)
in /opt/bitnami/apache2/htdocs/protected/modules/docs/views/docs/_form.php (91)
in /opt/bitnami/apache2/htdocs/protected/modules/docs/views/docs/create.php (52)
2019/10/10 12:56:07 [error] [application.debug] Iterating over contact attributes email=>Email
in /opt/bitnami/apache2/htdocs/protected/components/util/AuxLib.php (188)
in /opt/bitnami/apache2/htdocs/protected/modules/docs/views/docs/_form.php (91)
in /opt/bitnami/apache2/htdocs/protected/modules/docs/views/docs/create.php (52)
2019/10/10 12:56:07 [error] [application.debug] Iterating over contact attributes expectedCloseDate=>Expected Close Date
in /opt/bitnami/apache2/htdocs/protected/components/util/AuxLib.php (188)
in /opt/bitnami/apache2/htdocs/protected/modules/docs/views/docs/_form.php (91)
in /opt/bitnami/apache2/htdocs/protected/modules/docs/views/docs/create.php (52)
2019/10/10 12:56:07 [error] [application.debug] Iterating over contact attributes facebook=>Facebook
in /opt/bitnami/apache2/htdocs/protected/components/util/AuxLib.php (188)
in /opt/bitnami/apache2/htdocs/protected/modules/docs/views/docs/_form.php (91)
in /opt/bitnami/apache2/htdocs/protected/modules/docs/views/docs/create.php (52)
2019/10/10 12:56:07 [error] [application.debug] Iterating over contact attributes fingerprintId=>Fingerprint ID
in /opt/bitnami/apache2/htdocs/protected/components/util/AuxLib.php (188)
in /opt/bitnami/apache2/htdocs/protected/modules/docs/views/docs/_form.php (91)
in /opt/bitnami/apache2/htdocs/protected/modules/docs/views/docs/create.php (52)
2019/10/10 12:56:07 [error] [application.debug] Iterating over contact attributes firstName=>First Name
in /opt/bitnami/apache2/htdocs/protected/components/util/AuxLib.php (188)
in /opt/bitnami/apache2/htdocs/protected/modules/docs/views/docs/_form.php (91)
in /opt/bitnami/apache2/htdocs/protected/modules/docs/views/docs/create.php (52)
2019/10/10 12:56:07 [error] [application.debug] Iterating over contact attributes googleplus=>Googleplus
in /opt/bitnami/apache2/htdocs/protected/components/util/AuxLib.php (188)
in /opt/bitnami/apache2/htdocs/protected/modules/docs/views/docs/_form.php (91)
in /opt/bitnami/apache2/htdocs/protected/modules/docs/views/docs/create.php (52)
2019/10/10 12:56:07 [error] [application.debug] Iterating over contact attributes id=>ID
in /opt/bitnami/apache2/htdocs/protected/components/util/AuxLib.php (188)
in /opt/bitnami/apache2/htdocs/protected/modules/docs/views/docs/_form.php (91)
in /opt/bitnami/apache2/htdocs/protected/modules/docs/views/docs/create.php (52)
2019/10/10 12:56:07 [error] [application.debug] Iterating over contact attributes interest=>Interest
in /opt/bitnami/apache2/htdocs/protected/components/util/AuxLib.php (188)
in /opt/bitnami/apache2/htdocs/protected/modules/docs/views/docs/_form.php (91)
in /opt/bitnami/apache2/htdocs/protected/modules/docs/views/docs/create.php (52)
2019/10/10 12:56:07 [error] [application.debug] Iterating over contact attributes lastActivity=>Last Activity
in /opt/bitnami/apache2/htdocs/protected/components/util/AuxLib.php (188)
in /opt/bitnami/apache2/htdocs/protected/modules/docs/views/docs/_form.php (91)
in /opt/bitnami/apache2/htdocs/protected/modules/docs/views/docs/create.php (52)
2019/10/10 12:56:07 [error] [application.debug] Iterating over contact attributes lastName=>Last Name
in /opt/bitnami/apache2/htdocs/protected/components/util/AuxLib.php (188)
in /opt/bitnami/apache2/htdocs/protected/modules/docs/views/docs/_form.php (91)
in /opt/bitnami/apache2/htdocs/protected/modules/docs/views/docs/create.php (52)
2019/10/10 12:56:07 [error] [application.debug] Iterating over contact attributes lastUpdated=>Last Updated
in /opt/bitnami/apache2/htdocs/protected/components/util/AuxLib.php (188)
in /opt/bitnami/apache2/htdocs/protected/modules/docs/views/docs/_form.php (91)
in /opt/bitnami/apache2/htdocs/protected/modules/docs/views/docs/create.php (52)
2019/10/10 12:56:07 [error] [application.debug] Iterating over contact attributes leadDate=>Lead Date
in /opt/bitnami/apache2/htdocs/protected/components/util/AuxLib.php (188)
in /opt/bitnami/apache2/htdocs/protected/modules/docs/views/docs/_form.php (91)
in /opt/bitnami/apache2/htdocs/protected/modules/docs/views/docs/create.php (52)
2019/10/10 12:56:07 [error] [application.debug] Iterating over contact attributes leadscore=>Lead Score
in /opt/bitnami/apache2/htdocs/protected/components/util/AuxLib.php (188)
in /opt/bitnami/apache2/htdocs/protected/modules/docs/views/docs/_form.php (91)
in /opt/bitnami/apache2/htdocs/protected/modules/docs/views/docs/create.php (52)
2019/10/10 12:56:07 [error] [application.debug] Iterating over contact attributes leadSource=>Lead Source
in /opt/bitnami/apache2/htdocs/protected/components/util/AuxLib.php (188)
in /opt/bitnami/apache2/htdocs/protected/modules/docs/views/docs/_form.php (91)
in /opt/bitnami/apache2/htdocs/protected/modules/docs/views/docs/create.php (52)
2019/10/10 12:56:07 [error] [application.debug] Iterating over contact attributes leadstatus=>Lead Status
in /opt/bitnami/apache2/htdocs/protected/components/util/AuxLib.php (188)
in /opt/bitnami/apache2/htdocs/protected/modules/docs/views/docs/_form.php (91)
in /opt/bitnami/apache2/htdocs/protected/modules/docs/views/docs/create.php (52)
2019/10/10 12:56:07 [error] [application.debug] Iterating over contact attributes leadtype=>Lead Type
in /opt/bitnami/apache2/htdocs/protected/components/util/AuxLib.php (188)
in /opt/bitnami/apache2/htdocs/protected/modules/docs/views/docs/_form.php (91)
in /opt/bitnami/apache2/htdocs/protected/modules/docs/views/docs/create.php (52)
2019/10/10 12:56:07 [error] [application.debug] Iterating over contact attributes linkedin=>Linkedin
in /opt/bitnami/apache2/htdocs/protected/components/util/AuxLib.php (188)
in /opt/bitnami/apache2/htdocs/protected/modules/docs/views/docs/_form.php (91)
in /opt/bitnami/apache2/htdocs/protected/modules/docs/views/docs/create.php (52)
2019/10/10 12:56:07 [error] [application.debug] Iterating over contact attributes name=>Full Name
in /opt/bitnami/apache2/htdocs/protected/components/util/AuxLib.php (188)
in /opt/bitnami/apache2/htdocs/protected/modules/docs/views/docs/_form.php (91)
in /opt/bitnami/apache2/htdocs/protected/modules/docs/views/docs/create.php (52)
2019/10/10 12:56:07 [error] [application.debug] Iterating over contact attributes nameId=>NameID
in /opt/bitnami/apache2/htdocs/protected/components/util/AuxLib.php (188)
in /opt/bitnami/apache2/htdocs/protected/modules/docs/views/docs/_form.php (91)
in /opt/bitnami/apache2/htdocs/protected/modules/docs/views/docs/create.php (52)
2019/10/10 12:56:07 [error] [application.debug] Iterating over contact attributes otherUrl=>Other
in /opt/bitnami/apache2/htdocs/protected/components/util/AuxLib.php (188)
in /opt/bitnami/apache2/htdocs/protected/modules/docs/views/docs/_form.php (91)
in /opt/bitnami/apache2/htdocs/protected/modules/docs/views/docs/create.php (52)
2019/10/10 12:56:07 [error] [application.debug] Iterating over contact attributes personalEmail=>Personal Email
in /opt/bitnami/apache2/htdocs/protected/components/util/AuxLib.php (188)
in /opt/bitnami/apache2/htdocs/protected/modules/docs/views/docs/_form.php (91)
in /opt/bitnami/apache2/htdocs/protected/modules/docs/views/docs/create.php (52)
2019/10/10 12:56:07 [error] [application.debug] Iterating over contact attributes phone=>Phone
in /opt/bitnami/apache2/htdocs/protected/components/util/AuxLib.php (188)
in /opt/bitnami/apache2/htdocs/protected/modules/docs/views/docs/_form.php (91)
in /opt/bitnami/apache2/htdocs/protected/modules/docs/views/docs/create.php (52)
2019/10/10 12:56:07 [error] [application.debug] Iterating over contact attributes phone2=>Phone 2
in /opt/bitnami/apache2/htdocs/protected/components/util/AuxLib.php (188)
in /opt/bitnami/apache2/htdocs/protected/modules/docs/views/docs/_form.php (91)
in /opt/bitnami/apache2/htdocs/protected/modules/docs/views/docs/create.php (52)
2019/10/10 12:56:07 [error] [application.debug] Iterating over contact attributes preferredEmail=>Preferred Email
in /opt/bitnami/apache2/htdocs/protected/components/util/AuxLib.php (188)
in /opt/bitnami/apache2/htdocs/protected/modules/docs/views/docs/_form.php (91)
in /opt/bitnami/apache2/htdocs/protected/modules/docs/views/docs/create.php (52)
2019/10/10 12:56:07 [error] [application.debug] Iterating over contact attributes priority=>Priority
in /opt/bitnami/apache2/htdocs/protected/components/util/AuxLib.php (188)
in /opt/bitnami/apache2/htdocs/protected/modules/docs/views/docs/_form.php (91)
in /opt/bitnami/apache2/htdocs/protected/modules/docs/views/docs/create.php (52)
2019/10/10 12:56:07 [error] [application.debug] Iterating over contact attributes rating=>Confidence
in /opt/bitnami/apache2/htdocs/protected/components/util/AuxLib.php (188)
in /opt/bitnami/apache2/htdocs/protected/modules/docs/views/docs/_form.php (91)
in /opt/bitnami/apache2/htdocs/protected/modules/docs/views/docs/create.php (52)
2019/10/10 12:56:07 [error] [application.debug] Iterating over contact attributes reverseIp=>Reverse IP
in /opt/bitnami/apache2/htdocs/protected/components/util/AuxLib.php (188)
in /opt/bitnami/apache2/htdocs/protected/modules/docs/views/docs/_form.php (91)
in /opt/bitnami/apache2/htdocs/protected/modules/docs/views/docs/create.php (52)
2019/10/10 12:56:07 [error] [application.debug] Iterating over contact attributes skype=>Skype
in /opt/bitnami/apache2/htdocs/protected/components/util/AuxLib.php (188)
in /opt/bitnami/apache2/htdocs/protected/modules/docs/views/docs/_form.php (91)
in /opt/bitnami/apache2/htdocs/protected/modules/docs/views/docs/create.php (52)
2019/10/10 12:56:07 [error] [application.debug] Iterating over contact attributes state=>State
in /opt/bitnami/apache2/htdocs/protected/components/util/AuxLib.php (188)
in /opt/bitnami/apache2/htdocs/protected/modules/docs/views/docs/_form.php (91)
in /opt/bitnami/apache2/htdocs/protected/modules/docs/views/docs/create.php (52)
2019/10/10 12:56:07 [error] [application.debug] Iterating over contact attributes timezone=>Timezone
in /opt/bitnami/apache2/htdocs/protected/components/util/AuxLib.php (188)
in /opt/bitnami/apache2/htdocs/protected/modules/docs/views/docs/_form.php (91)
in /opt/bitnami/apache2/htdocs/protected/modules/docs/views/docs/create.php (52)
2019/10/10 12:56:07 [error] [application.debug] Iterating over contact attributes title=>Title
in /opt/bitnami/apache2/htdocs/protected/components/util/AuxLib.php (188)
in /opt/bitnami/apache2/htdocs/protected/modules/docs/views/docs/_form.php (91)
in /opt/bitnami/apache2/htdocs/protected/modules/docs/views/docs/create.php (52)
2019/10/10 12:56:07 [error] [application.debug] Iterating over contact attributes trackingKey=>Web Tracking Key
in /opt/bitnami/apache2/htdocs/protected/components/util/AuxLib.php (188)
in /opt/bitnami/apache2/htdocs/protected/modules/docs/views/docs/_form.php (91)
in /opt/bitnami/apache2/htdocs/protected/modules/docs/views/docs/create.php (52)
2019/10/10 12:56:07 [error] [application.debug] Iterating over contact attributes twitter=>Twitter
in /opt/bitnami/apache2/htdocs/protected/components/util/AuxLib.php (188)
in /opt/bitnami/apache2/htdocs/protected/modules/docs/views/docs/_form.php (91)
in /opt/bitnami/apache2/htdocs/protected/modules/docs/views/docs/create.php (52)
2019/10/10 12:56:07 [error] [application.debug] Iterating over contact attributes updatedBy=>Updated By
in /opt/bitnami/apache2/htdocs/protected/components/util/AuxLib.php (188)
in /opt/bitnami/apache2/htdocs/protected/modules/docs/views/docs/_form.php (91)
in /opt/bitnami/apache2/htdocs/protected/modules/docs/views/docs/create.php (52)
2019/10/10 12:56:07 [error] [application.debug] Iterating over contact attributes visibility=>Visibility
in /opt/bitnami/apache2/htdocs/protected/components/util/AuxLib.php (188)
in /opt/bitnami/apache2/htdocs/protected/modules/docs/views/docs/_form.php (91)
in /opt/bitnami/apache2/htdocs/protected/modules/docs/views/docs/create.php (52)
2019/10/10 12:56:07 [error] [application.debug] Iterating over contact attributes website=>Website
in /opt/bitnami/apache2/htdocs/protected/components/util/AuxLib.php (188)
in /opt/bitnami/apache2/htdocs/protected/modules/docs/views/docs/_form.php (91)
in /opt/bitnami/apache2/htdocs/protected/modules/docs/views/docs/create.php (52)
2019/10/10 12:56:07 [error] [application.debug] Iterating over contact attributes zipcode=>Postal Code
in /opt/bitnami/apache2/htdocs/protected/components/util/AuxLib.php (188)
in /opt/bitnami/apache2/htdocs/protected/modules/docs/views/docs/_form.php (91)
in /opt/bitnami/apache2/htdocs/protected/modules/docs/views/docs/create.php (52)
2019/10/10 12:56:07 [error] [application.debug] Iterating over account attributes address=>Address
in /opt/bitnami/apache2/htdocs/protected/components/util/AuxLib.php (188)
in /opt/bitnami/apache2/htdocs/protected/modules/docs/views/docs/_form.php (98)
in /opt/bitnami/apache2/htdocs/protected/modules/docs/views/docs/create.php (52)
2019/10/10 12:56:07 [error] [application.debug] Iterating over account attributes address2=>Address 2
in /opt/bitnami/apache2/htdocs/protected/components/util/AuxLib.php (188)
in /opt/bitnami/apache2/htdocs/protected/modules/docs/views/docs/_form.php (98)
in /opt/bitnami/apache2/htdocs/protected/modules/docs/views/docs/create.php (52)
2019/10/10 12:56:07 [error] [application.debug] Iterating over account attributes alternativeEmail=>Alternative Email
in /opt/bitnami/apache2/htdocs/protected/components/util/AuxLib.php (188)
in /opt/bitnami/apache2/htdocs/protected/modules/docs/views/docs/_form.php (98)
in /opt/bitnami/apache2/htdocs/protected/modules/docs/views/docs/create.php (52)
2019/10/10 12:56:07 [error] [application.debug] Iterating over account attributes annualRevenue=>Revenue
in /opt/bitnami/apache2/htdocs/protected/components/util/AuxLib.php (188)
in /opt/bitnami/apache2/htdocs/protected/modules/docs/views/docs/_form.php (98)
in /opt/bitnami/apache2/htdocs/protected/modules/docs/views/docs/create.php (52)
2019/10/10 12:56:07 [error] [application.debug] Iterating over account attributes assignedTo=>Assigned To
in /opt/bitnami/apache2/htdocs/protected/components/util/AuxLib.php (188)
in /opt/bitnami/apache2/htdocs/protected/modules/docs/views/docs/_form.php (98)
in /opt/bitnami/apache2/htdocs/protected/modules/docs/views/docs/create.php (52)
2019/10/10 12:56:07 [error] [application.debug] Iterating over account attributes backgroundInfo=>Background Info
in /opt/bitnami/apache2/htdocs/protected/components/util/AuxLib.php (188)
in /opt/bitnami/apache2/htdocs/protected/modules/docs/views/docs/_form.php (98)
in /opt/bitnami/apache2/htdocs/protected/modules/docs/views/docs/create.php (52)
2019/10/10 12:56:07 [error] [application.debug] Iterating over account attributes businessEmail=>Business Email
in /opt/bitnami/apache2/htdocs/protected/components/util/AuxLib.php (188)
in /opt/bitnami/apache2/htdocs/protected/modules/docs/views/docs/_form.php (98)
in /opt/bitnami/apache2/htdocs/protected/modules/docs/views/docs/create.php (52)
2019/10/10 12:56:07 [error] [application.debug] Iterating over account attributes city=>City
in /opt/bitnami/apache2/htdocs/protected/components/util/AuxLib.php (188)
in /opt/bitnami/apache2/htdocs/protected/modules/docs/views/docs/_form.php (98)
in /opt/bitnami/apache2/htdocs/protected/modules/docs/views/docs/create.php (52)
2019/10/10 12:56:07 [error] [application.debug] Iterating over account attributes closedate=>Close Date
in /opt/bitnami/apache2/htdocs/protected/components/util/AuxLib.php (188)
in /opt/bitnami/apache2/htdocs/protected/modules/docs/views/docs/_form.php (98)
in /opt/bitnami/apache2/htdocs/protected/modules/docs/views/docs/create.php (52)
2019/10/10 12:56:07 [error] [application.debug] Iterating over account attributes country=>Country
in /opt/bitnami/apache2/htdocs/protected/components/util/AuxLib.php (188)
in /opt/bitnami/apache2/htdocs/protected/modules/docs/views/docs/_form.php (98)
in /opt/bitnami/apache2/htdocs/protected/modules/docs/views/docs/create.php (52)
2019/10/10 12:56:07 [error] [application.debug] Iterating over account attributes createDate=>Create Date
in /opt/bitnami/apache2/htdocs/protected/components/util/AuxLib.php (188)
in /opt/bitnami/apache2/htdocs/protected/modules/docs/views/docs/_form.php (98)
in /opt/bitnami/apache2/htdocs/protected/modules/docs/views/docs/create.php (52)
2019/10/10 12:56:07 [error] [application.debug] Iterating over account attributes dealstatus=>Deal Status
in /opt/bitnami/apache2/htdocs/protected/components/util/AuxLib.php (188)
in /opt/bitnami/apache2/htdocs/protected/modules/docs/views/docs/_form.php (98)
in /opt/bitnami/apache2/htdocs/protected/modules/docs/views/docs/create.php (52)
2019/10/10 12:56:07 [error] [application.debug] Iterating over account attributes dealvalue=>Deal Value
in /opt/bitnami/apache2/htdocs/protected/components/util/AuxLib.php (188)
in /opt/bitnami/apache2/htdocs/protected/modules/docs/views/docs/_form.php (98)
in /opt/bitnami/apache2/htdocs/protected/modules/docs/views/docs/create.php (52)
2019/10/10 12:56:07 [error] [application.debug] Iterating over account attributes description=>Description
in /opt/bitnami/apache2/htdocs/protected/components/util/AuxLib.php (188)
in /opt/bitnami/apache2/htdocs/protected/modules/docs/views/docs/_form.php (98)
in /opt/bitnami/apache2/htdocs/protected/modules/docs/views/docs/create.php (52)
2019/10/10 12:56:07 [error] [application.debug] Iterating over account attributes doNotCall=>Do Not Call
in /opt/bitnami/apache2/htdocs/protected/components/util/AuxLib.php (188)
in /opt/bitnami/apache2/htdocs/protected/modules/docs/views/docs/_form.php (98)
in /opt/bitnami/apache2/htdocs/protected/modules/docs/views/docs/create.php (52)
2019/10/10 12:56:07 [error] [application.debug] Iterating over account attributes doNotEmail=>Do Not Email
in /opt/bitnami/apache2/htdocs/protected/components/util/AuxLib.php (188)
in /opt/bitnami/apache2/htdocs/protected/modules/docs/views/docs/_form.php (98)
in /opt/bitnami/apache2/htdocs/protected/modules/docs/views/docs/create.php (52)
2019/10/10 12:56:07 [error] [application.debug] Iterating over account attributes email=>Email
in /opt/bitnami/apache2/htdocs/protected/components/util/AuxLib.php (188)
in /opt/bitnami/apache2/htdocs/protected/modules/docs/views/docs/_form.php (98)
in /opt/bitnami/apache2/htdocs/protected/modules/docs/views/docs/create.php (52)
2019/10/10 12:56:07 [error] [application.debug] Iterating over account attributes employees=>Employees
in /opt/bitnami/apache2/htdocs/protected/components/util/AuxLib.php (188)
in /opt/bitnami/apache2/htdocs/protected/modules/docs/views/docs/_form.php (98)
in /opt/bitnami/apache2/htdocs/protected/modules/docs/views/docs/create.php (52)
2019/10/10 12:56:07 [error] [application.debug] Iterating over account attributes expectedCloseDate=>Expected Close Date
in /opt/bitnami/apache2/htdocs/protected/components/util/AuxLib.php (188)
in /opt/bitnami/apache2/htdocs/protected/modules/docs/views/docs/_form.php (98)
in /opt/bitnami/apache2/htdocs/protected/modules/docs/views/docs/create.php (52)
2019/10/10 12:56:07 [error] [application.debug] Iterating over account attributes facebook=>Facebook
in /opt/bitnami/apache2/htdocs/protected/components/util/AuxLib.php (188)
in /opt/bitnami/apache2/htdocs/protected/modules/docs/views/docs/_form.php (98)
in /opt/bitnami/apache2/htdocs/protected/modules/docs/views/docs/create.php (52)
2019/10/10 12:56:07 [error] [application.debug] Iterating over account attributes googleplus=>Googleplus
in /opt/bitnami/apache2/htdocs/protected/components/util/AuxLib.php (188)
in /opt/bitnami/apache2/htdocs/protected/modules/docs/views/docs/_form.php (98)
in /opt/bitnami/apache2/htdocs/protected/modules/docs/views/docs/create.php (52)
2019/10/10 12:56:07 [error] [application.debug] Iterating over account attributes id=>ID
in /opt/bitnami/apache2/htdocs/protected/components/util/AuxLib.php (188)
in /opt/bitnami/apache2/htdocs/protected/modules/docs/views/docs/_form.php (98)
in /opt/bitnami/apache2/htdocs/protected/modules/docs/views/docs/create.php (52)
2019/10/10 12:56:07 [error] [application.debug] Iterating over account attributes interest=>Interest
in /opt/bitnami/apache2/htdocs/protected/components/util/AuxLib.php (188)
in /opt/bitnami/apache2/htdocs/protected/modules/docs/views/docs/_form.php (98)
in /opt/bitnami/apache2/htdocs/protected/modules/docs/views/docs/create.php (52)
2019/10/10 12:56:07 [error] [application.debug] Iterating over account attributes lastActivity=>Last Activity
in /opt/bitnami/apache2/htdocs/protected/components/util/AuxLib.php (188)
in /opt/bitnami/apache2/htdocs/protected/modules/docs/views/docs/_form.php (98)
in /opt/bitnami/apache2/htdocs/protected/modules/docs/views/docs/create.php (52)
2019/10/10 12:56:07 [error] [application.debug] Iterating over account attributes lastUpdated=>Last Updated
in /opt/bitnami/apache2/htdocs/protected/components/util/AuxLib.php (188)
in /opt/bitnami/apache2/htdocs/protected/modules/docs/views/docs/_form.php (98)
in /opt/bitnami/apache2/htdocs/protected/modules/docs/views/docs/create.php (52)
2019/10/10 12:56:07 [error] [application.debug] Iterating over account attributes leadDate=>Lead Date
in /opt/bitnami/apache2/htdocs/protected/components/util/AuxLib.php (188)
in /opt/bitnami/apache2/htdocs/protected/modules/docs/views/docs/_form.php (98)
in /opt/bitnami/apache2/htdocs/protected/modules/docs/views/docs/create.php (52)
2019/10/10 12:56:07 [error] [application.debug] Iterating over account attributes leadscore=>Lead Score
in /opt/bitnami/apache2/htdocs/protected/components/util/AuxLib.php (188)
in /opt/bitnami/apache2/htdocs/protected/modules/docs/views/docs/_form.php (98)
in /opt/bitnami/apache2/htdocs/protected/modules/docs/views/docs/create.php (52)
2019/10/10 12:56:07 [error] [application.debug] Iterating over account attributes leadSource=>Lead Source
in /opt/bitnami/apache2/htdocs/protected/components/util/AuxLib.php (188)
in /opt/bitnami/apache2/htdocs/protected/modules/docs/views/docs/_form.php (98)
in /opt/bitnami/apache2/htdocs/protected/modules/docs/views/docs/create.php (52)
2019/10/10 12:56:07 [error] [application.debug] Iterating over account attributes leadstatus=>Lead Status
in /opt/bitnami/apache2/htdocs/protected/components/util/AuxLib.php (188)
in /opt/bitnami/apache2/htdocs/protected/modules/docs/views/docs/_form.php (98)
in /opt/bitnami/apache2/htdocs/protected/modules/docs/views/docs/create.php (52)
2019/10/10 12:56:07 [error] [application.debug] Iterating over account attributes leadtype=>Lead Type
in /opt/bitnami/apache2/htdocs/protected/components/util/AuxLib.php (188)
in /opt/bitnami/apache2/htdocs/protected/modules/docs/views/docs/_form.php (98)
in /opt/bitnami/apache2/htdocs/protected/modules/docs/views/docs/create.php (52)
2019/10/10 12:56:07 [error] [application.debug] Iterating over account attributes linkedin=>Linkedin
in /opt/bitnami/apache2/htdocs/protected/components/util/AuxLib.php (188)
in /opt/bitnami/apache2/htdocs/protected/modules/docs/views/docs/_form.php (98)
in /opt/bitnami/apache2/htdocs/protected/modules/docs/views/docs/create.php (52)
2019/10/10 12:56:07 [error] [application.debug] Iterating over account attributes modelName=>Model Name
in /opt/bitnami/apache2/htdocs/protected/components/util/AuxLib.php (188)
in /opt/bitnami/apache2/htdocs/protected/modules/docs/views/docs/_form.php (98)
in /opt/bitnami/apache2/htdocs/protected/modules/docs/views/docs/create.php (52)
2019/10/10 12:56:07 [error] [application.debug] Iterating over account attributes name=>Name
in /opt/bitnami/apache2/htdocs/protected/components/util/AuxLib.php (188)
in /opt/bitnami/apache2/htdocs/protected/modules/docs/views/docs/_form.php (98)
in /opt/bitnami/apache2/htdocs/protected/modules/docs/views/docs/create.php (52)
2019/10/10 12:56:07 [error] [application.debug] Iterating over account attributes nameId=>NameID
in /opt/bitnami/apache2/htdocs/protected/components/util/AuxLib.php (188)
in /opt/bitnami/apache2/htdocs/protected/modules/docs/views/docs/_form.php (98)
in /opt/bitnami/apache2/htdocs/protected/modules/docs/views/docs/create.php (52)
2019/10/10 12:56:07 [error] [application.debug] Iterating over account attributes otherUrl=>Other
in /opt/bitnami/apache2/htdocs/protected/components/util/AuxLib.php (188)
in /opt/bitnami/apache2/htdocs/protected/modules/docs/views/docs/_form.php (98)
in /opt/bitnami/apache2/htdocs/protected/modules/docs/views/docs/create.php (52)
2019/10/10 12:56:07 [error] [application.debug] Iterating over account attributes parentAccount=>Parent
in /opt/bitnami/apache2/htdocs/protected/components/util/AuxLib.php (188)
in /opt/bitnami/apache2/htdocs/protected/modules/docs/views/docs/_form.php (98)
in /opt/bitnami/apache2/htdocs/protected/modules/docs/views/docs/create.php (52)
2019/10/10 12:56:07 [error] [application.debug] Iterating over account attributes personalEmail=>Personal Email
in /opt/bitnami/apache2/htdocs/protected/components/util/AuxLib.php (188)
in /opt/bitnami/apache2/htdocs/protected/modules/docs/views/docs/_form.php (98)
in /opt/bitnami/apache2/htdocs/protected/modules/docs/views/docs/create.php (52)
2019/10/10 12:56:07 [error] [application.debug] Iterating over account attributes phone=>Phone
in /opt/bitnami/apache2/htdocs/protected/components/util/AuxLib.php (188)
in /opt/bitnami/apache2/htdocs/protected/modules/docs/views/docs/_form.php (98)
in /opt/bitnami/apache2/htdocs/protected/modules/docs/views/docs/create.php (52)
2019/10/10 12:56:07 [error] [application.debug] Iterating over account attributes phone2=>Phone 2
in /opt/bitnami/apache2/htdocs/protected/components/util/AuxLib.php (188)
in /opt/bitnami/apache2/htdocs/protected/modules/docs/views/docs/_form.php (98)
in /opt/bitnami/apache2/htdocs/protected/modules/docs/views/docs/create.php (52)
2019/10/10 12:56:07 [error] [application.debug] Iterating over account attributes preferredEmail=>Preferred Email
in /opt/bitnami/apache2/htdocs/protected/components/util/AuxLib.php (188)
in /opt/bitnami/apache2/htdocs/protected/modules/docs/views/docs/_form.php (98)
in /opt/bitnami/apache2/htdocs/protected/modules/docs/views/docs/create.php (52)
2019/10/10 12:56:07 [error] [application.debug] Iterating over account attributes primaryContact=>Primary Contact
in /opt/bitnami/apache2/htdocs/protected/components/util/AuxLib.php (188)
in /opt/bitnami/apache2/htdocs/protected/modules/docs/views/docs/_form.php (98)
in /opt/bitnami/apache2/htdocs/protected/modules/docs/views/docs/create.php (52)
2019/10/10 12:56:07 [error] [application.debug] Iterating over account attributes priority=>Priority
in /opt/bitnami/apache2/htdocs/protected/components/util/AuxLib.php (188)
in /opt/bitnami/apache2/htdocs/protected/modules/docs/views/docs/_form.php (98)
in /opt/bitnami/apache2/htdocs/protected/modules/docs/views/docs/create.php (52)
2019/10/10 12:56:07 [error] [application.debug] Iterating over account attributes rating=>Confidence
in /opt/bitnami/apache2/htdocs/protected/components/util/AuxLib.php (188)
in /opt/bitnami/apache2/htdocs/protected/modules/docs/views/docs/_form.php (98)
in /opt/bitnami/apache2/htdocs/protected/modules/docs/views/docs/create.php (52)
2019/10/10 12:56:07 [error] [application.debug] Iterating over account attributes skype=>Skype
in /opt/bitnami/apache2/htdocs/protected/components/util/AuxLib.php (188)
in /opt/bitnami/apache2/htdocs/protected/modules/docs/views/docs/_form.php (98)
in /opt/bitnami/apache2/htdocs/protected/modules/docs/views/docs/create.php (52)
2019/10/10 12:56:07 [error] [application.debug] Iterating over account attributes state=>State
in /opt/bitnami/apache2/htdocs/protected/components/util/AuxLib.php (188)
in /opt/bitnami/apache2/htdocs/protected/modules/docs/views/docs/_form.php (98)
in /opt/bitnami/apache2/htdocs/protected/modules/docs/views/docs/create.php (52)
2019/10/10 12:56:07 [error] [application.debug] Iterating over account attributes tickerSymbol=>Symbol
in /opt/bitnami/apache2/htdocs/protected/components/util/AuxLib.php (188)
in /opt/bitnami/apache2/htdocs/protected/modules/docs/views/docs/_form.php (98)
in /opt/bitnami/apache2/htdocs/protected/modules/docs/views/docs/create.php (52)
2019/10/10 12:56:07 [error] [application.debug] Iterating over account attributes timezone=>Timezone
in /opt/bitnami/apache2/htdocs/protected/components/util/AuxLib.php (188)
in /opt/bitnami/apache2/htdocs/protected/modules/docs/views/docs/_form.php (98)
in /opt/bitnami/apache2/htdocs/protected/modules/docs/views/docs/create.php (52)
2019/10/10 12:56:07 [error] [application.debug] Iterating over account attributes title=>Title
in /opt/bitnami/apache2/htdocs/protected/components/util/AuxLib.php (188)
in /opt/bitnami/apache2/htdocs/protected/modules/docs/views/docs/_form.php (98)
in /opt/bitnami/apache2/htdocs/protected/modules/docs/views/docs/create.php (52)
2019/10/10 12:56:07 [error] [application.debug] Iterating over account attributes trackingKey=>Web Tracking Key
in /opt/bitnami/apache2/htdocs/protected/components/util/AuxLib.php (188)
in /opt/bitnami/apache2/htdocs/protected/modules/docs/views/docs/_form.php (98)
in /opt/bitnami/apache2/htdocs/protected/modules/docs/views/docs/create.php (52)
2019/10/10 12:56:07 [error] [application.debug] Iterating over account attributes twitter=>Twitter
in /opt/bitnami/apache2/htdocs/protected/components/util/AuxLib.php (188)
in /opt/bitnami/apache2/htdocs/protected/modules/docs/views/docs/_form.php (98)
in /opt/bitnami/apache2/htdocs/protected/modules/docs/views/docs/create.php (52)
2019/10/10 12:56:07 [error] [application.debug] Iterating over account attributes type=>Type
in /opt/bitnami/apache2/htdocs/protected/components/util/AuxLib.php (188)
in /opt/bitnami/apache2/htdocs/protected/modules/docs/views/docs/_form.php (98)
in /opt/bitnami/apache2/htdocs/protected/modules/docs/views/docs/create.php (52)
2019/10/10 12:56:07 [error] [application.debug] Iterating over account attributes updatedBy=>Updated By
in /opt/bitnami/apache2/htdocs/protected/components/util/AuxLib.php (188)
in /opt/bitnami/apache2/htdocs/protected/modules/docs/views/docs/_form.php (98)
in /opt/bitnami/apache2/htdocs/protected/modules/docs/views/docs/create.php (52)
2019/10/10 12:56:07 [error] [application.debug] Iterating over account attributes visibility=>Visibility
in /opt/bitnami/apache2/htdocs/protected/components/util/AuxLib.php (188)
in /opt/bitnami/apache2/htdocs/protected/modules/docs/views/docs/_form.php (98)
in /opt/bitnami/apache2/htdocs/protected/modules/docs/views/docs/create.php (52)
2019/10/10 12:56:07 [error] [application.debug] Iterating over account attributes website=>Website
in /opt/bitnami/apache2/htdocs/protected/components/util/AuxLib.php (188)
in /opt/bitnami/apache2/htdocs/protected/modules/docs/views/docs/_form.php (98)
in /opt/bitnami/apache2/htdocs/protected/modules/docs/views/docs/create.php (52)
2019/10/10 12:56:07 [error] [application.debug] Iterating over account attributes zipcode=>Postal Code
in /opt/bitnami/apache2/htdocs/protected/components/util/AuxLib.php (188)
in /opt/bitnami/apache2/htdocs/protected/modules/docs/views/docs/_form.php (98)
in /opt/bitnami/apache2/htdocs/protected/modules/docs/views/docs/create.php (52)
2019/10/10 12:59:47 [error] [application.debug] Iterating over contact attributes accountName=>Account
in /opt/bitnami/apache2/htdocs/protected/components/util/AuxLib.php (188)
in /opt/bitnami/apache2/htdocs/protected/modules/docs/views/docs/_form.php (91)
in /opt/bitnami/apache2/htdocs/protected/modules/docs/views/docs/create.php (52)
2019/10/10 12:59:47 [error] [application.debug] Iterating over contact attributes address=>Address
in /opt/bitnami/apache2/htdocs/protected/components/util/AuxLib.php (188)
in /opt/bitnami/apache2/htdocs/protected/modules/docs/views/docs/_form.php (91)
in /opt/bitnami/apache2/htdocs/protected/modules/docs/views/docs/create.php (52)
2019/10/10 12:59:47 [error] [application.debug] Iterating over contact attributes address2=>Address 2
in /opt/bitnami/apache2/htdocs/protected/components/util/AuxLib.php (188)
in /opt/bitnami/apache2/htdocs/protected/modules/docs/views/docs/_form.php (91)
in /opt/bitnami/apache2/htdocs/protected/modules/docs/views/docs/create.php (52)
2019/10/10 12:59:47 [error] [application.debug] Iterating over contact attributes alternativeEmail=>Alternative Email
in /opt/bitnami/apache2/htdocs/protected/components/util/AuxLib.php (188)
in /opt/bitnami/apache2/htdocs/protected/modules/docs/views/docs/_form.php (91)
in /opt/bitnami/apache2/htdocs/protected/modules/docs/views/docs/create.php (52)
2019/10/10 12:59:47 [error] [application.debug] Iterating over contact attributes assignedTo=>Assigned To
in /opt/bitnami/apache2/htdocs/protected/components/util/AuxLib.php (188)
in /opt/bitnami/apache2/htdocs/protected/modules/docs/views/docs/_form.php (91)
in /opt/bitnami/apache2/htdocs/protected/modules/docs/views/docs/create.php (52)
2019/10/10 12:59:47 [error] [application.debug] Iterating over contact attributes backgroundInfo=>Background Info
in /opt/bitnami/apache2/htdocs/protected/components/util/AuxLib.php (188)
in /opt/bitnami/apache2/htdocs/protected/modules/docs/views/docs/_form.php (91)
in /opt/bitnami/apache2/htdocs/protected/modules/docs/views/docs/create.php (52)
2019/10/10 12:59:47 [error] [application.debug] Iterating over contact attributes businessEmail=>Business Email
in /opt/bitnami/apache2/htdocs/protected/components/util/AuxLib.php (188)
in /opt/bitnami/apache2/htdocs/protected/modules/docs/views/docs/_form.php (91)
in /opt/bitnami/apache2/htdocs/protected/modules/docs/views/docs/create.php (52)
2019/10/10 12:59:47 [error] [application.debug] Iterating over contact attributes city=>City
in /opt/bitnami/apache2/htdocs/protected/components/util/AuxLib.php (188)
in /opt/bitnami/apache2/htdocs/protected/modules/docs/views/docs/_form.php (91)
in /opt/bitnami/apache2/htdocs/protected/modules/docs/views/docs/create.php (52)
2019/10/10 12:59:47 [error] [application.debug] Iterating over contact attributes closedate=>Close Date
in /opt/bitnami/apache2/htdocs/protected/components/util/AuxLib.php (188)
in /opt/bitnami/apache2/htdocs/protected/modules/docs/views/docs/_form.php (91)
in /opt/bitnami/apache2/htdocs/protected/modules/docs/views/docs/create.php (52)
2019/10/10 12:59:47 [error] [application.debug] Iterating over contact attributes company=>Company
in /opt/bitnami/apache2/htdocs/protected/components/util/AuxLib.php (188)
in /opt/bitnami/apache2/htdocs/protected/modules/docs/views/docs/_form.php (91)
in /opt/bitnami/apache2/htdocs/protected/modules/docs/views/docs/create.php (52)
2019/10/10 12:59:47 [error] [application.debug] Iterating over contact attributes country=>Country
in /opt/bitnami/apache2/htdocs/protected/components/util/AuxLib.php (188)
in /opt/bitnami/apache2/htdocs/protected/modules/docs/views/docs/_form.php (91)
in /opt/bitnami/apache2/htdocs/protected/modules/docs/views/docs/create.php (52)
2019/10/10 12:59:47 [error] [application.debug] Iterating over contact attributes createDate=>Create Date
in /opt/bitnami/apache2/htdocs/protected/components/util/AuxLib.php (188)
in /opt/bitnami/apache2/htdocs/protected/modules/docs/views/docs/_form.php (91)
in /opt/bitnami/apache2/htdocs/protected/modules/docs/views/docs/create.php (52)
2019/10/10 12:59:47 [error] [application.debug] Iterating over contact attributes dealstatus=>Deal Status
in /opt/bitnami/apache2/htdocs/protected/components/util/AuxLib.php (188)
in /opt/bitnami/apache2/htdocs/protected/modules/docs/views/docs/_form.php (91)
in /opt/bitnami/apache2/htdocs/protected/modules/docs/views/docs/create.php (52)
2019/10/10 12:59:47 [error] [application.debug] Iterating over contact attributes dealvalue=>Deal Value
in /opt/bitnami/apache2/htdocs/protected/components/util/AuxLib.php (188)
in /opt/bitnami/apache2/htdocs/protected/modules/docs/views/docs/_form.php (91)
in /opt/bitnami/apache2/htdocs/protected/modules/docs/views/docs/create.php (52)
2019/10/10 12:59:47 [error] [application.debug] Iterating over contact attributes doNotCall=>Do Not Call
in /opt/bitnami/apache2/htdocs/protected/components/util/AuxLib.php (188)
in /opt/bitnami/apache2/htdocs/protected/modules/docs/views/docs/_form.php (91)
in /opt/bitnami/apache2/htdocs/protected/modules/docs/views/docs/create.php (52)
2019/10/10 12:59:47 [error] [application.debug] Iterating over contact attributes doNotEmail=>Do Not Email
in /opt/bitnami/apache2/htdocs/protected/components/util/AuxLib.php (188)
in /opt/bitnami/apache2/htdocs/protected/modules/docs/views/docs/_form.php (91)
in /opt/bitnami/apache2/htdocs/protected/modules/docs/views/docs/create.php (52)
2019/10/10 12:59:47 [error] [application.debug] Iterating over contact attributes dupeCheck=>Duplicate Check
in /opt/bitnami/apache2/htdocs/protected/components/util/AuxLib.php (188)
in /opt/bitnami/apache2/htdocs/protected/modules/docs/views/docs/_form.php (91)
in /opt/bitnami/apache2/htdocs/protected/modules/docs/views/docs/create.php (52)
2019/10/10 12:59:47 [error] [application.debug] Iterating over contact attributes email=>Email
in /opt/bitnami/apache2/htdocs/protected/components/util/AuxLib.php (188)
in /opt/bitnami/apache2/htdocs/protected/modules/docs/views/docs/_form.php (91)
in /opt/bitnami/apache2/htdocs/protected/modules/docs/views/docs/create.php (52)
2019/10/10 12:59:47 [error] [application.debug] Iterating over contact attributes expectedCloseDate=>Expected Close Date
in /opt/bitnami/apache2/htdocs/protected/components/util/AuxLib.php (188)
in /opt/bitnami/apache2/htdocs/protected/modules/docs/views/docs/_form.php (91)
in /opt/bitnami/apache2/htdocs/protected/modules/docs/views/docs/create.php (52)
2019/10/10 12:59:47 [error] [application.debug] Iterating over contact attributes facebook=>Facebook
in /opt/bitnami/apache2/htdocs/protected/components/util/AuxLib.php (188)
in /opt/bitnami/apache2/htdocs/protected/modules/docs/views/docs/_form.php (91)
in /opt/bitnami/apache2/htdocs/protected/modules/docs/views/docs/create.php (52)
2019/10/10 12:59:47 [error] [application.debug] Iterating over contact attributes fingerprintId=>Fingerprint ID
in /opt/bitnami/apache2/htdocs/protected/components/util/AuxLib.php (188)
in /opt/bitnami/apache2/htdocs/protected/modules/docs/views/docs/_form.php (91)
in /opt/bitnami/apache2/htdocs/protected/modules/docs/views/docs/create.php (52)
2019/10/10 12:59:47 [error] [application.debug] Iterating over contact attributes firstName=>First Name
in /opt/bitnami/apache2/htdocs/protected/components/util/AuxLib.php (188)
in /opt/bitnami/apache2/htdocs/protected/modules/docs/views/docs/_form.php (91)
in /opt/bitnami/apache2/htdocs/protected/modules/docs/views/docs/create.php (52)
2019/10/10 12:59:47 [error] [application.debug] Iterating over contact attributes googleplus=>Googleplus
in /opt/bitnami/apache2/htdocs/protected/components/util/AuxLib.php (188)
in /opt/bitnami/apache2/htdocs/protected/modules/docs/views/docs/_form.php (91)
in /opt/bitnami/apache2/htdocs/protected/modules/docs/views/docs/create.php (52)
2019/10/10 12:59:47 [error] [application.debug] Iterating over contact attributes id=>ID
in /opt/bitnami/apache2/htdocs/protected/components/util/AuxLib.php (188)
in /opt/bitnami/apache2/htdocs/protected/modules/docs/views/docs/_form.php (91)
in /opt/bitnami/apache2/htdocs/protected/modules/docs/views/docs/create.php (52)
2019/10/10 12:59:47 [error] [application.debug] Iterating over contact attributes interest=>Interest
in /opt/bitnami/apache2/htdocs/protected/components/util/AuxLib.php (188)
in /opt/bitnami/apache2/htdocs/protected/modules/docs/views/docs/_form.php (91)
in /opt/bitnami/apache2/htdocs/protected/modules/docs/views/docs/create.php (52)
2019/10/10 12:59:47 [error] [application.debug] Iterating over contact attributes lastActivity=>Last Activity
in /opt/bitnami/apache2/htdocs/protected/components/util/AuxLib.php (188)
in /opt/bitnami/apache2/htdocs/protected/modules/docs/views/docs/_form.php (91)
in /opt/bitnami/apache2/htdocs/protected/modules/docs/views/docs/create.php (52)
2019/10/10 12:59:47 [error] [application.debug] Iterating over contact attributes lastName=>Last Name
in /opt/bitnami/apache2/htdocs/protected/components/util/AuxLib.php (188)
in /opt/bitnami/apache2/htdocs/protected/modules/docs/views/docs/_form.php (91)
in /opt/bitnami/apache2/htdocs/protected/modules/docs/views/docs/create.php (52)
2019/10/10 12:59:47 [error] [application.debug] Iterating over contact attributes lastUpdated=>Last Updated
in /opt/bitnami/apache2/htdocs/protected/components/util/AuxLib.php (188)
in /opt/bitnami/apache2/htdocs/protected/modules/docs/views/docs/_form.php (91)
in /opt/bitnami/apache2/htdocs/protected/modules/docs/views/docs/create.php (52)
2019/10/10 12:59:47 [error] [application.debug] Iterating over contact attributes leadDate=>Lead Date
in /opt/bitnami/apache2/htdocs/protected/components/util/AuxLib.php (188)
in /opt/bitnami/apache2/htdocs/protected/modules/docs/views/docs/_form.php (91)
in /opt/bitnami/apache2/htdocs/protected/modules/docs/views/docs/create.php (52)
2019/10/10 12:59:47 [error] [application.debug] Iterating over contact attributes leadscore=>Lead Score
in /opt/bitnami/apache2/htdocs/protected/components/util/AuxLib.php (188)
in /opt/bitnami/apache2/htdocs/protected/modules/docs/views/docs/_form.php (91)
in /opt/bitnami/apache2/htdocs/protected/modules/docs/views/docs/create.php (52)
2019/10/10 12:59:47 [error] [application.debug] Iterating over contact attributes leadSource=>Lead Source
in /opt/bitnami/apache2/htdocs/protected/components/util/AuxLib.php (188)
in /opt/bitnami/apache2/htdocs/protected/modules/docs/views/docs/_form.php (91)
in /opt/bitnami/apache2/htdocs/protected/modules/docs/views/docs/create.php (52)
2019/10/10 12:59:47 [error] [application.debug] Iterating over contact attributes leadstatus=>Lead Status
in /opt/bitnami/apache2/htdocs/protected/components/util/AuxLib.php (188)
in /opt/bitnami/apache2/htdocs/protected/modules/docs/views/docs/_form.php (91)
in /opt/bitnami/apache2/htdocs/protected/modules/docs/views/docs/create.php (52)
2019/10/10 12:59:47 [error] [application.debug] Iterating over contact attributes leadtype=>Lead Type
in /opt/bitnami/apache2/htdocs/protected/components/util/AuxLib.php (188)
in /opt/bitnami/apache2/htdocs/protected/modules/docs/views/docs/_form.php (91)
in /opt/bitnami/apache2/htdocs/protected/modules/docs/views/docs/create.php (52)
2019/10/10 12:59:47 [error] [application.debug] Iterating over contact attributes linkedin=>Linkedin
in /opt/bitnami/apache2/htdocs/protected/components/util/AuxLib.php (188)
in /opt/bitnami/apache2/htdocs/protected/modules/docs/views/docs/_form.php (91)
in /opt/bitnami/apache2/htdocs/protected/modules/docs/views/docs/create.php (52)
2019/10/10 12:59:47 [error] [application.debug] Iterating over contact attributes name=>Full Name
in /opt/bitnami/apache2/htdocs/protected/components/util/AuxLib.php (188)
in /opt/bitnami/apache2/htdocs/protected/modules/docs/views/docs/_form.php (91)
in /opt/bitnami/apache2/htdocs/protected/modules/docs/views/docs/create.php (52)
2019/10/10 12:59:47 [error] [application.debug] Iterating over contact attributes nameId=>NameID
in /opt/bitnami/apache2/htdocs/protected/components/util/AuxLib.php (188)
in /opt/bitnami/apache2/htdocs/protected/modules/docs/views/docs/_form.php (91)
in /opt/bitnami/apache2/htdocs/protected/modules/docs/views/docs/create.php (52)
2019/10/10 12:59:47 [error] [application.debug] Iterating over contact attributes otherUrl=>Other
in /opt/bitnami/apache2/htdocs/protected/components/util/AuxLib.php (188)
in /opt/bitnami/apache2/htdocs/protected/modules/docs/views/docs/_form.php (91)
in /opt/bitnami/apache2/htdocs/protected/modules/docs/views/docs/create.php (52)
2019/10/10 12:59:47 [error] [application.debug] Iterating over contact attributes personalEmail=>Personal Email
in /opt/bitnami/apache2/htdocs/protected/components/util/AuxLib.php (188)
in /opt/bitnami/apache2/htdocs/protected/modules/docs/views/docs/_form.php (91)
in /opt/bitnami/apache2/htdocs/protected/modules/docs/views/docs/create.php (52)
2019/10/10 12:59:47 [error] [application.debug] Iterating over contact attributes phone=>Phone
in /opt/bitnami/apache2/htdocs/protected/components/util/AuxLib.php (188)
in /opt/bitnami/apache2/htdocs/protected/modules/docs/views/docs/_form.php (91)
in /opt/bitnami/apache2/htdocs/protected/modules/docs/views/docs/create.php (52)
2019/10/10 12:59:47 [error] [application.debug] Iterating over contact attributes phone2=>Phone 2
in /opt/bitnami/apache2/htdocs/protected/components/util/AuxLib.php (188)
in /opt/bitnami/apache2/htdocs/protected/modules/docs/views/docs/_form.php (91)
in /opt/bitnami/apache2/htdocs/protected/modules/docs/views/docs/create.php (52)
2019/10/10 12:59:47 [error] [application.debug] Iterating over contact attributes preferredEmail=>Preferred Email
in /opt/bitnami/apache2/htdocs/protected/components/util/AuxLib.php (188)
in /opt/bitnami/apache2/htdocs/protected/modules/docs/views/docs/_form.php (91)
in /opt/bitnami/apache2/htdocs/protected/modules/docs/views/docs/create.php (52)
2019/10/10 12:59:47 [error] [application.debug] Iterating over contact attributes priority=>Priority
in /opt/bitnami/apache2/htdocs/protected/components/util/AuxLib.php (188)
in /opt/bitnami/apache2/htdocs/protected/modules/docs/views/docs/_form.php (91)
in /opt/bitnami/apache2/htdocs/protected/modules/docs/views/docs/create.php (52)
2019/10/10 12:59:47 [error] [application.debug] Iterating over contact attributes rating=>Confidence
in /opt/bitnami/apache2/htdocs/protected/components/util/AuxLib.php (188)
in /opt/bitnami/apache2/htdocs/protected/modules/docs/views/docs/_form.php (91)
in /opt/bitnami/apache2/htdocs/protected/modules/docs/views/docs/create.php (52)
2019/10/10 12:59:47 [error] [application.debug] Iterating over contact attributes reverseIp=>Reverse IP
in /opt/bitnami/apache2/htdocs/protected/components/util/AuxLib.php (188)
in /opt/bitnami/apache2/htdocs/protected/modules/docs/views/docs/_form.php (91)
in /opt/bitnami/apache2/htdocs/protected/modules/docs/views/docs/create.php (52)
2019/10/10 12:59:47 [error] [application.debug] Iterating over contact attributes skype=>Skype
in /opt/bitnami/apache2/htdocs/protected/components/util/AuxLib.php (188)
in /opt/bitnami/apache2/htdocs/protected/modules/docs/views/docs/_form.php (91)
in /opt/bitnami/apache2/htdocs/protected/modules/docs/views/docs/create.php (52)
2019/10/10 12:59:47 [error] [application.debug] Iterating over contact attributes state=>State
in /opt/bitnami/apache2/htdocs/protected/components/util/AuxLib.php (188)
in /opt/bitnami/apache2/htdocs/protected/modules/docs/views/docs/_form.php (91)
in /opt/bitnami/apache2/htdocs/protected/modules/docs/views/docs/create.php (52)
2019/10/10 12:59:47 [error] [application.debug] Iterating over contact attributes timezone=>Timezone
in /opt/bitnami/apache2/htdocs/protected/components/util/AuxLib.php (188)
in /opt/bitnami/apache2/htdocs/protected/modules/docs/views/docs/_form.php (91)
in /opt/bitnami/apache2/htdocs/protected/modules/docs/views/docs/create.php (52)
2019/10/10 12:59:47 [error] [application.debug] Iterating over contact attributes title=>Title
in /opt/bitnami/apache2/htdocs/protected/components/util/AuxLib.php (188)
in /opt/bitnami/apache2/htdocs/protected/modules/docs/views/docs/_form.php (91)
in /opt/bitnami/apache2/htdocs/protected/modules/docs/views/docs/create.php (52)
2019/10/10 12:59:47 [error] [application.debug] Iterating over contact attributes trackingKey=>Web Tracking Key
in /opt/bitnami/apache2/htdocs/protected/components/util/AuxLib.php (188)
in /opt/bitnami/apache2/htdocs/protected/modules/docs/views/docs/_form.php (91)
in /opt/bitnami/apache2/htdocs/protected/modules/docs/views/docs/create.php (52)
2019/10/10 12:59:47 [error] [application.debug] Iterating over contact attributes twitter=>Twitter
in /opt/bitnami/apache2/htdocs/protected/components/util/AuxLib.php (188)
in /opt/bitnami/apache2/htdocs/protected/modules/docs/views/docs/_form.php (91)
in /opt/bitnami/apache2/htdocs/protected/modules/docs/views/docs/create.php (52)
2019/10/10 12:59:47 [error] [application.debug] Iterating over contact attributes updatedBy=>Updated By
in /opt/bitnami/apache2/htdocs/protected/components/util/AuxLib.php (188)
in /opt/bitnami/apache2/htdocs/protected/modules/docs/views/docs/_form.php (91)
in /opt/bitnami/apache2/htdocs/protected/modules/docs/views/docs/create.php (52)
2019/10/10 12:59:47 [error] [application.debug] Iterating over contact attributes visibility=>Visibility
in /opt/bitnami/apache2/htdocs/protected/components/util/AuxLib.php (188)
in /opt/bitnami/apache2/htdocs/protected/modules/docs/views/docs/_form.php (91)
in /opt/bitnami/apache2/htdocs/protected/modules/docs/views/docs/create.php (52)
2019/10/10 12:59:47 [error] [application.debug] Iterating over contact attributes website=>Website
in /opt/bitnami/apache2/htdocs/protected/components/util/AuxLib.php (188)
in /opt/bitnami/apache2/htdocs/protected/modules/docs/views/docs/_form.php (91)
in /opt/bitnami/apache2/htdocs/protected/modules/docs/views/docs/create.php (52)
2019/10/10 12:59:47 [error] [application.debug] Iterating over contact attributes zipcode=>Postal Code
in /opt/bitnami/apache2/htdocs/protected/components/util/AuxLib.php (188)
in /opt/bitnami/apache2/htdocs/protected/modules/docs/views/docs/_form.php (91)
in /opt/bitnami/apache2/htdocs/protected/modules/docs/views/docs/create.php (52)
2019/10/10 12:59:47 [error] [application.debug] Iterating over account attributes address=>Address
in /opt/bitnami/apache2/htdocs/protected/components/util/AuxLib.php (188)
in /opt/bitnami/apache2/htdocs/protected/modules/docs/views/docs/_form.php (98)
in /opt/bitnami/apache2/htdocs/protected/modules/docs/views/docs/create.php (52)
2019/10/10 12:59:47 [error] [application.debug] Iterating over account attributes address2=>Address 2
in /opt/bitnami/apache2/htdocs/protected/components/util/AuxLib.php (188)
in /opt/bitnami/apache2/htdocs/protected/modules/docs/views/docs/_form.php (98)
in /opt/bitnami/apache2/htdocs/protected/modules/docs/views/docs/create.php (52)
2019/10/10 12:59:47 [error] [application.debug] Iterating over account attributes alternativeEmail=>Alternative Email
in /opt/bitnami/apache2/htdocs/protected/components/util/AuxLib.php (188)
in /opt/bitnami/apache2/htdocs/protected/modules/docs/views/docs/_form.php (98)
in /opt/bitnami/apache2/htdocs/protected/modules/docs/views/docs/create.php (52)
2019/10/10 12:59:47 [error] [application.debug] Iterating over account attributes annualRevenue=>Revenue
in /opt/bitnami/apache2/htdocs/protected/components/util/AuxLib.php (188)
in /opt/bitnami/apache2/htdocs/protected/modules/docs/views/docs/_form.php (98)
in /opt/bitnami/apache2/htdocs/protected/modules/docs/views/docs/create.php (52)
2019/10/10 12:59:47 [error] [application.debug] Iterating over account attributes assignedTo=>Assigned To
in /opt/bitnami/apache2/htdocs/protected/components/util/AuxLib.php (188)
in /opt/bitnami/apache2/htdocs/protected/modules/docs/views/docs/_form.php (98)
in /opt/bitnami/apache2/htdocs/protected/modules/docs/views/docs/create.php (52)
2019/10/10 12:59:47 [error] [application.debug] Iterating over account attributes backgroundInfo=>Background Info
in /opt/bitnami/apache2/htdocs/protected/components/util/AuxLib.php (188)
in /opt/bitnami/apache2/htdocs/protected/modules/docs/views/docs/_form.php (98)
in /opt/bitnami/apache2/htdocs/protected/modules/docs/views/docs/create.php (52)
2019/10/10 12:59:47 [error] [application.debug] Iterating over account attributes businessEmail=>Business Email
in /opt/bitnami/apache2/htdocs/protected/components/util/AuxLib.php (188)
in /opt/bitnami/apache2/htdocs/protected/modules/docs/views/docs/_form.php (98)
in /opt/bitnami/apache2/htdocs/protected/modules/docs/views/docs/create.php (52)
2019/10/10 12:59:47 [error] [application.debug] Iterating over account attributes city=>City
in /opt/bitnami/apache2/htdocs/protected/components/util/AuxLib.php (188)
in /opt/bitnami/apache2/htdocs/protected/modules/docs/views/docs/_form.php (98)
in /opt/bitnami/apache2/htdocs/protected/modules/docs/views/docs/create.php (52)
2019/10/10 12:59:47 [error] [application.debug] Iterating over account attributes closedate=>Close Date
in /opt/bitnami/apache2/htdocs/protected/components/util/AuxLib.php (188)
in /opt/bitnami/apache2/htdocs/protected/modules/docs/views/docs/_form.php (98)
in /opt/bitnami/apache2/htdocs/protected/modules/docs/views/docs/create.php (52)
2019/10/10 12:59:47 [error] [application.debug] Iterating over account attributes country=>Country
in /opt/bitnami/apache2/htdocs/protected/components/util/AuxLib.php (188)
in /opt/bitnami/apache2/htdocs/protected/modules/docs/views/docs/_form.php (98)
in /opt/bitnami/apache2/htdocs/protected/modules/docs/views/docs/create.php (52)
2019/10/10 12:59:47 [error] [application.debug] Iterating over account attributes createDate=>Create Date
in /opt/bitnami/apache2/htdocs/protected/components/util/AuxLib.php (188)
in /opt/bitnami/apache2/htdocs/protected/modules/docs/views/docs/_form.php (98)
in /opt/bitnami/apache2/htdocs/protected/modules/docs/views/docs/create.php (52)
2019/10/10 12:59:47 [error] [application.debug] Iterating over account attributes dealstatus=>Deal Status
in /opt/bitnami/apache2/htdocs/protected/components/util/AuxLib.php (188)
in /opt/bitnami/apache2/htdocs/protected/modules/docs/views/docs/_form.php (98)
in /opt/bitnami/apache2/htdocs/protected/modules/docs/views/docs/create.php (52)
2019/10/10 12:59:47 [error] [application.debug] Iterating over account attributes dealvalue=>Deal Value
in /opt/bitnami/apache2/htdocs/protected/components/util/AuxLib.php (188)
in /opt/bitnami/apache2/htdocs/protected/modules/docs/views/docs/_form.php (98)
in /opt/bitnami/apache2/htdocs/protected/modules/docs/views/docs/create.php (52)
2019/10/10 12:59:47 [error] [application.debug] Iterating over account attributes description=>Description
in /opt/bitnami/apache2/htdocs/protected/components/util/AuxLib.php (188)
in /opt/bitnami/apache2/htdocs/protected/modules/docs/views/docs/_form.php (98)
in /opt/bitnami/apache2/htdocs/protected/modules/docs/views/docs/create.php (52)
2019/10/10 12:59:47 [error] [application.debug] Iterating over account attributes doNotCall=>Do Not Call
in /opt/bitnami/apache2/htdocs/protected/components/util/AuxLib.php (188)
in /opt/bitnami/apache2/htdocs/protected/modules/docs/views/docs/_form.php (98)
in /opt/bitnami/apache2/htdocs/protected/modules/docs/views/docs/create.php (52)
2019/10/10 12:59:47 [error] [application.debug] Iterating over account attributes doNotEmail=>Do Not Email
in /opt/bitnami/apache2/htdocs/protected/components/util/AuxLib.php (188)
in /opt/bitnami/apache2/htdocs/protected/modules/docs/views/docs/_form.php (98)
in /opt/bitnami/apache2/htdocs/protected/modules/docs/views/docs/create.php (52)
2019/10/10 12:59:47 [error] [application.debug] Iterating over account attributes email=>Email
in /opt/bitnami/apache2/htdocs/protected/components/util/AuxLib.php (188)
in /opt/bitnami/apache2/htdocs/protected/modules/docs/views/docs/_form.php (98)
in /opt/bitnami/apache2/htdocs/protected/modules/docs/views/docs/create.php (52)
2019/10/10 12:59:47 [error] [application.debug] Iterating over account attributes employees=>Employees
in /opt/bitnami/apache2/htdocs/protected/components/util/AuxLib.php (188)
in /opt/bitnami/apache2/htdocs/protected/modules/docs/views/docs/_form.php (98)
in /opt/bitnami/apache2/htdocs/protected/modules/docs/views/docs/create.php (52)
2019/10/10 12:59:47 [error] [application.debug] Iterating over account attributes expectedCloseDate=>Expected Close Date
in /opt/bitnami/apache2/htdocs/protected/components/util/AuxLib.php (188)
in /opt/bitnami/apache2/htdocs/protected/modules/docs/views/docs/_form.php (98)
in /opt/bitnami/apache2/htdocs/protected/modules/docs/views/docs/create.php (52)
2019/10/10 12:59:47 [error] [application.debug] Iterating over account attributes facebook=>Facebook
in /opt/bitnami/apache2/htdocs/protected/components/util/AuxLib.php (188)
in /opt/bitnami/apache2/htdocs/protected/modules/docs/views/docs/_form.php (98)
in /opt/bitnami/apache2/htdocs/protected/modules/docs/views/docs/create.php (52)
2019/10/10 12:59:47 [error] [application.debug] Iterating over account attributes googleplus=>Googleplus
in /opt/bitnami/apache2/htdocs/protected/components/util/AuxLib.php (188)
in /opt/bitnami/apache2/htdocs/protected/modules/docs/views/docs/_form.php (98)
in /opt/bitnami/apache2/htdocs/protected/modules/docs/views/docs/create.php (52)
2019/10/10 12:59:47 [error] [application.debug] Iterating over account attributes id=>ID
in /opt/bitnami/apache2/htdocs/protected/components/util/AuxLib.php (188)
in /opt/bitnami/apache2/htdocs/protected/modules/docs/views/docs/_form.php (98)
in /opt/bitnami/apache2/htdocs/protected/modules/docs/views/docs/create.php (52)
2019/10/10 12:59:47 [error] [application.debug] Iterating over account attributes interest=>Interest
in /opt/bitnami/apache2/htdocs/protected/components/util/AuxLib.php (188)
in /opt/bitnami/apache2/htdocs/protected/modules/docs/views/docs/_form.php (98)
in /opt/bitnami/apache2/htdocs/protected/modules/docs/views/docs/create.php (52)
2019/10/10 12:59:47 [error] [application.debug] Iterating over account attributes lastActivity=>Last Activity
in /opt/bitnami/apache2/htdocs/protected/components/util/AuxLib.php (188)
in /opt/bitnami/apache2/htdocs/protected/modules/docs/views/docs/_form.php (98)
in /opt/bitnami/apache2/htdocs/protected/modules/docs/views/docs/create.php (52)
2019/10/10 12:59:47 [error] [application.debug] Iterating over account attributes lastUpdated=>Last Updated
in /opt/bitnami/apache2/htdocs/protected/components/util/AuxLib.php (188)
in /opt/bitnami/apache2/htdocs/protected/modules/docs/views/docs/_form.php (98)
in /opt/bitnami/apache2/htdocs/protected/modules/docs/views/docs/create.php (52)
2019/10/10 12:59:47 [error] [application.debug] Iterating over account attributes leadDate=>Lead Date
in /opt/bitnami/apache2/htdocs/protected/components/util/AuxLib.php (188)
in /opt/bitnami/apache2/htdocs/protected/modules/docs/views/docs/_form.php (98)
in /opt/bitnami/apache2/htdocs/protected/modules/docs/views/docs/create.php (52)
2019/10/10 12:59:47 [error] [application.debug] Iterating over account attributes leadscore=>Lead Score
in /opt/bitnami/apache2/htdocs/protected/components/util/AuxLib.php (188)
in /opt/bitnami/apache2/htdocs/protected/modules/docs/views/docs/_form.php (98)
in /opt/bitnami/apache2/htdocs/protected/modules/docs/views/docs/create.php (52)
2019/10/10 12:59:47 [error] [application.debug] Iterating over account attributes leadSource=>Lead Source
in /opt/bitnami/apache2/htdocs/protected/components/util/AuxLib.php (188)
in /opt/bitnami/apache2/htdocs/protected/modules/docs/views/docs/_form.php (98)
in /opt/bitnami/apache2/htdocs/protected/modules/docs/views/docs/create.php (52)
2019/10/10 12:59:47 [error] [application.debug] Iterating over account attributes leadstatus=>Lead Status
in /opt/bitnami/apache2/htdocs/protected/components/util/AuxLib.php (188)
in /opt/bitnami/apache2/htdocs/protected/modules/docs/views/docs/_form.php (98)
in /opt/bitnami/apache2/htdocs/protected/modules/docs/views/docs/create.php (52)
2019/10/10 12:59:47 [error] [application.debug] Iterating over account attributes leadtype=>Lead Type
in /opt/bitnami/apache2/htdocs/protected/components/util/AuxLib.php (188)
in /opt/bitnami/apache2/htdocs/protected/modules/docs/views/docs/_form.php (98)
in /opt/bitnami/apache2/htdocs/protected/modules/docs/views/docs/create.php (52)
2019/10/10 12:59:47 [error] [application.debug] Iterating over account attributes linkedin=>Linkedin
in /opt/bitnami/apache2/htdocs/protected/components/util/AuxLib.php (188)
in /opt/bitnami/apache2/htdocs/protected/modules/docs/views/docs/_form.php (98)
in /opt/bitnami/apache2/htdocs/protected/modules/docs/views/docs/create.php (52)
2019/10/10 12:59:47 [error] [application.debug] Iterating over account attributes modelName=>Model Name
in /opt/bitnami/apache2/htdocs/protected/components/util/AuxLib.php (188)
in /opt/bitnami/apache2/htdocs/protected/modules/docs/views/docs/_form.php (98)
in /opt/bitnami/apache2/htdocs/protected/modules/docs/views/docs/create.php (52)
2019/10/10 12:59:47 [error] [application.debug] Iterating over account attributes name=>Name
in /opt/bitnami/apache2/htdocs/protected/components/util/AuxLib.php (188)
in /opt/bitnami/apache2/htdocs/protected/modules/docs/views/docs/_form.php (98)
in /opt/bitnami/apache2/htdocs/protected/modules/docs/views/docs/create.php (52)
2019/10/10 12:59:47 [error] [application.debug] Iterating over account attributes nameId=>NameID
in /opt/bitnami/apache2/htdocs/protected/components/util/AuxLib.php (188)
in /opt/bitnami/apache2/htdocs/protected/modules/docs/views/docs/_form.php (98)
in /opt/bitnami/apache2/htdocs/protected/modules/docs/views/docs/create.php (52)
2019/10/10 12:59:47 [error] [application.debug] Iterating over account attributes otherUrl=>Other
in /opt/bitnami/apache2/htdocs/protected/components/util/AuxLib.php (188)
in /opt/bitnami/apache2/htdocs/protected/modules/docs/views/docs/_form.php (98)
in /opt/bitnami/apache2/htdocs/protected/modules/docs/views/docs/create.php (52)
2019/10/10 12:59:47 [error] [application.debug] Iterating over account attributes parentAccount=>Parent
in /opt/bitnami/apache2/htdocs/protected/components/util/AuxLib.php (188)
in /opt/bitnami/apache2/htdocs/protected/modules/docs/views/docs/_form.php (98)
in /opt/bitnami/apache2/htdocs/protected/modules/docs/views/docs/create.php (52)
2019/10/10 12:59:47 [error] [application.debug] Iterating over account attributes personalEmail=>Personal Email
in /opt/bitnami/apache2/htdocs/protected/components/util/AuxLib.php (188)
in /opt/bitnami/apache2/htdocs/protected/modules/docs/views/docs/_form.php (98)
in /opt/bitnami/apache2/htdocs/protected/modules/docs/views/docs/create.php (52)
2019/10/10 12:59:47 [error] [application.debug] Iterating over account attributes phone=>Phone
in /opt/bitnami/apache2/htdocs/protected/components/util/AuxLib.php (188)
in /opt/bitnami/apache2/htdocs/protected/modules/docs/views/docs/_form.php (98)
in /opt/bitnami/apache2/htdocs/protected/modules/docs/views/docs/create.php (52)
2019/10/10 12:59:47 [error] [application.debug] Iterating over account attributes phone2=>Phone 2
in /opt/bitnami/apache2/htdocs/protected/components/util/AuxLib.php (188)
in /opt/bitnami/apache2/htdocs/protected/modules/docs/views/docs/_form.php (98)
in /opt/bitnami/apache2/htdocs/protected/modules/docs/views/docs/create.php (52)
2019/10/10 12:59:47 [error] [application.debug] Iterating over account attributes preferredEmail=>Preferred Email
in /opt/bitnami/apache2/htdocs/protected/components/util/AuxLib.php (188)
in /opt/bitnami/apache2/htdocs/protected/modules/docs/views/docs/_form.php (98)
in /opt/bitnami/apache2/htdocs/protected/modules/docs/views/docs/create.php (52)
2019/10/10 12:59:47 [error] [application.debug] Iterating over account attributes primaryContact=>Primary Contact
in /opt/bitnami/apache2/htdocs/protected/components/util/AuxLib.php (188)
in /opt/bitnami/apache2/htdocs/protected/modules/docs/views/docs/_form.php (98)
in /opt/bitnami/apache2/htdocs/protected/modules/docs/views/docs/create.php (52)
2019/10/10 12:59:47 [error] [application.debug] Iterating over account attributes priority=>Priority
in /opt/bitnami/apache2/htdocs/protected/components/util/AuxLib.php (188)
in /opt/bitnami/apache2/htdocs/protected/modules/docs/views/docs/_form.php (98)
in /opt/bitnami/apache2/htdocs/protected/modules/docs/views/docs/create.php (52)
2019/10/10 12:59:47 [error] [application.debug] Iterating over account attributes rating=>Confidence
in /opt/bitnami/apache2/htdocs/protected/components/util/AuxLib.php (188)
in /opt/bitnami/apache2/htdocs/protected/modules/docs/views/docs/_form.php (98)
in /opt/bitnami/apache2/htdocs/protected/modules/docs/views/docs/create.php (52)
2019/10/10 12:59:47 [error] [application.debug] Iterating over account attributes skype=>Skype
in /opt/bitnami/apache2/htdocs/protected/components/util/AuxLib.php (188)
in /opt/bitnami/apache2/htdocs/protected/modules/docs/views/docs/_form.php (98)
in /opt/bitnami/apache2/htdocs/protected/modules/docs/views/docs/create.php (52)
2019/10/10 12:59:47 [error] [application.debug] Iterating over account attributes state=>State
in /opt/bitnami/apache2/htdocs/protected/components/util/AuxLib.php (188)
in /opt/bitnami/apache2/htdocs/protected/modules/docs/views/docs/_form.php (98)
in /opt/bitnami/apache2/htdocs/protected/modules/docs/views/docs/create.php (52)
2019/10/10 12:59:47 [error] [application.debug] Iterating over account attributes tickerSymbol=>Symbol
in /opt/bitnami/apache2/htdocs/protected/components/util/AuxLib.php (188)
in /opt/bitnami/apache2/htdocs/protected/modules/docs/views/docs/_form.php (98)
in /opt/bitnami/apache2/htdocs/protected/modules/docs/views/docs/create.php (52)
2019/10/10 12:59:47 [error] [application.debug] Iterating over account attributes timezone=>Timezone
in /opt/bitnami/apache2/htdocs/protected/components/util/AuxLib.php (188)
in /opt/bitnami/apache2/htdocs/protected/modules/docs/views/docs/_form.php (98)
in /opt/bitnami/apache2/htdocs/protected/modules/docs/views/docs/create.php (52)
2019/10/10 12:59:47 [error] [application.debug] Iterating over account attributes title=>Title
in /opt/bitnami/apache2/htdocs/protected/components/util/AuxLib.php (188)
in /opt/bitnami/apache2/htdocs/protected/modules/docs/views/docs/_form.php (98)
in /opt/bitnami/apache2/htdocs/protected/modules/docs/views/docs/create.php (52)
2019/10/10 12:59:47 [error] [application.debug] Iterating over account attributes trackingKey=>Web Tracking Key
in /opt/bitnami/apache2/htdocs/protected/components/util/AuxLib.php (188)
in /opt/bitnami/apache2/htdocs/protected/modules/docs/views/docs/_form.php (98)
in /opt/bitnami/apache2/htdocs/protected/modules/docs/views/docs/create.php (52)
2019/10/10 12:59:47 [error] [application.debug] Iterating over account attributes twitter=>Twitter
in /opt/bitnami/apache2/htdocs/protected/components/util/AuxLib.php (188)
in /opt/bitnami/apache2/htdocs/protected/modules/docs/views/docs/_form.php (98)
in /opt/bitnami/apache2/htdocs/protected/modules/docs/views/docs/create.php (52)
2019/10/10 12:59:47 [error] [application.debug] Iterating over account attributes type=>Type
in /opt/bitnami/apache2/htdocs/protected/components/util/AuxLib.php (188)
in /opt/bitnami/apache2/htdocs/protected/modules/docs/views/docs/_form.php (98)
in /opt/bitnami/apache2/htdocs/protected/modules/docs/views/docs/create.php (52)
2019/10/10 12:59:47 [error] [application.debug] Iterating over account attributes updatedBy=>Updated By
in /opt/bitnami/apache2/htdocs/protected/components/util/AuxLib.php (188)
in /opt/bitnami/apache2/htdocs/protected/modules/docs/views/docs/_form.php (98)
in /opt/bitnami/apache2/htdocs/protected/modules/docs/views/docs/create.php (52)
2019/10/10 12:59:47 [error] [application.debug] Iterating over account attributes visibility=>Visibility
in /opt/bitnami/apache2/htdocs/protected/components/util/AuxLib.php (188)
in /opt/bitnami/apache2/htdocs/protected/modules/docs/views/docs/_form.php (98)
in /opt/bitnami/apache2/htdocs/protected/modules/docs/views/docs/create.php (52)
2019/10/10 12:59:47 [error] [application.debug] Iterating over account attributes website=>Website
in /opt/bitnami/apache2/htdocs/protected/components/util/AuxLib.php (188)
in /opt/bitnami/apache2/htdocs/protected/modules/docs/views/docs/_form.php (98)
in /opt/bitnami/apache2/htdocs/protected/modules/docs/views/docs/create.php (52)
2019/10/10 12:59:47 [error] [application.debug] Iterating over account attributes zipcode=>Postal Code
in /opt/bitnami/apache2/htdocs/protected/components/util/AuxLib.php (188)
in /opt/bitnami/apache2/htdocs/protected/modules/docs/views/docs/_form.php (98)
in /opt/bitnami/apache2/htdocs/protected/modules/docs/views/docs/create.php (52)
